<?xml version="1.0" encoding="UTF-8"?>
<!-- Generated by org.testng.reporters.JUnitReportReporter -->
<testsuite hostname="adminisrsmini75.cybage.com" name="test.HomePageTest" tests="4" failures="1" timestamp="2 Dec 2016 07:10:13 GMT" time="45.920" errors="0">
  <testcase name="AddNewCategories" time="22.230" classname="test.HomePageTest">
    <failure type="java.lang.AssertionError" message="Test Failed due to Timed out after 20 seconds waiting for visibility of element located by By.xpath: //android.support.v7.widget.RecyclerView[1]/android.widget.FrameLayout[1]
Build info: version: &#039;2.53.1&#039;, revision: &#039;a36b8b1cd5757287168e54b817830adce9b0158d&#039;, time: &#039;2016-06-30 19:26:09&#039;
System info: host: &#039;adminisrsmini75.cybage.com&#039;, ip: &#039;172.27.46.80&#039;, os.name: &#039;Mac OS X&#039;, os.arch: &#039;x86_64&#039;, os.version: &#039;10.11.6&#039;, java.version: &#039;1.7.0_76&#039;
Session ID: 388f68e7-b20f-463a-a990-618c78fe2f66
Driver info: io.appium.java_client.ios.IOSDriver
Capabilities [{platformVersion=8.1.3, app=/Users/administrator/Documents/GridImplementation/SourceCode/GridCybage/app/CybageNews.ipa, platform=MAC, databaseEnabled=false, javascriptEnabled=true, platformName=iOS, deviceName=iPhone cybage white, browserName=, webStorageEnabled=false, networkConnectionEnabled=false, udid=90c83e758f3d06f05ddaf4eb9e4d2d3eb8726e39, desired={platformVersion=8.1.3, app=/Users/administrator/Documents/GridImplementation/SourceCode/GridCybage/app/CybageNews.ipa, deviceName=iPhone cybage white, platformName=iOS, udid=90c83e758f3d06f05ddaf4eb9e4d2d3eb8726e39}, locationContextEnabled=false, takesScreenshot=true}]">
      <![CDATA[java.lang.AssertionError: Test Failed due to Timed out after 20 seconds waiting for visibility of element located by By.xpath: //android.support.v7.widget.RecyclerView[1]/android.widget.FrameLayout[1]
Build info: version: '2.53.1', revision: 'a36b8b1cd5757287168e54b817830adce9b0158d', time: '2016-06-30 19:26:09'
System info: host: 'adminisrsmini75.cybage.com', ip: '172.27.46.80', os.name: 'Mac OS X', os.arch: 'x86_64', os.version: '10.11.6', java.version: '1.7.0_76'
Session ID: 388f68e7-b20f-463a-a990-618c78fe2f66
Driver info: io.appium.java_client.ios.IOSDriver
Capabilities [{platformVersion=8.1.3, app=/Users/administrator/Documents/GridImplementation/SourceCode/GridCybage/app/CybageNews.ipa, platform=MAC, databaseEnabled=false, javascriptEnabled=true, platformName=iOS, deviceName=iPhone cybage white, browserName=, webStorageEnabled=false, networkConnectionEnabled=false, udid=90c83e758f3d06f05ddaf4eb9e4d2d3eb8726e39, desired={platformVersion=8.1.3, app=/Users/administrator/Documents/GridImplementation/SourceCode/GridCybage/app/CybageNews.ipa, deviceName=iPhone cybage white, platformName=iOS, udid=90c83e758f3d06f05ddaf4eb9e4d2d3eb8726e39}, locationContextEnabled=false, takesScreenshot=true}]
	at org.testng.Assert.fail(Assert.java:94)
	at utilities.TimeOutAndWaits.getWhenVisible(TimeOutAndWaits.java:77)
	at utilities.waitLocatorSwitch.waitforLocator(waitLocatorSwitch.java:65)
	at utilities.DeviceActions.HorizontalSwip(DeviceActions.java:111)
	at pageObjects.HomePage.swipeLeftFirstNewsRow(HomePage.java:66)
	at test.HomePageTest.AddNewCategories(HomePageTest.java:53)
	at sun.reflect.NativeMethodAccessorImpl.invoke0(Native Method)
	at sun.reflect.NativeMethodAccessorImpl.invoke(NativeMethodAccessorImpl.java:57)
	at sun.reflect.DelegatingMethodAccessorImpl.invoke(DelegatingMethodAccessorImpl.java:43)
	at java.lang.reflect.Method.invoke(Method.java:606)
	at org.testng.internal.MethodInvocationHelper.invokeMethod(MethodInvocationHelper.java:86)
	at org.testng.internal.Invoker.invokeMethod(Invoker.java:643)
	at org.testng.internal.Invoker.invokeTestMethod(Invoker.java:820)
	at org.testng.internal.Invoker.invokeTestMethods(Invoker.java:1128)
	at org.testng.internal.TestMethodWorker.invokeTestMethods(TestMethodWorker.java:129)
	at org.testng.internal.TestMethodWorker.run(TestMethodWorker.java:112)
	at org.testng.TestRunner.privateRun(TestRunner.java:782)
	at org.testng.TestRunner.run(TestRunner.java:632)
	at org.testng.SuiteRunner.runTest(SuiteRunner.java:366)
	at org.testng.SuiteRunner.access$000(SuiteRunner.java:39)
	at org.testng.SuiteRunner$SuiteWorker.run(SuiteRunner.java:400)
	at org.testng.internal.thread.ThreadUtil$2.call(ThreadUtil.java:64)
	at java.util.concurrent.FutureTask.run(FutureTask.java:262)
	at java.util.concurrent.ThreadPoolExecutor.runWorker(ThreadPoolExecutor.java:1145)
	at java.util.concurrent.ThreadPoolExecutor$Worker.run(ThreadPoolExecutor.java:615)
	at java.lang.Thread.run(Thread.java:745)
]]>
    </failure>
  </testcase> <!-- AddNewCategories -->
  <testcase name="VerifyNews" time="0.002" classname="test.HomePageTest"/>
  <testcase name="AddNewCategories" time="23.685" classname="test.HomePageTest"/>
  <testcase name="VerifyNews" time="0.003" classname="test.HomePageTest"/>
</testsuite> <!-- test.HomePageTest -->
