<?xml version="1.0" encoding="UTF-8"?>
<!-- Generated by org.testng.reporters.JUnitXMLReporter -->
<testsuite hostname="adminisrsmini75.cybage.com" name="Default test" tests="2" failures="0" timestamp="20 Nov 2017 13:08:18 GMT" time="0.048" errors="0">
  <testcase name="@BeforeTest Configuration" time="0.0" classname="test.LoginElementDisplayed">
    <failure type="org.testng.TestNGException" message="
Parameter &amp;apos;deviceName&amp;apos; is required by @Configuration on method Configuration but has not been marked @Optional or defined
in /private/var/folders/ts/khlhvdmn06nbk5zfjxcvwcjw0000gn/T/testng-eclipse-1406216682/testng-customsuite.xml">
      <![CDATA[org.testng.TestNGException: 
Parameter 'deviceName' is required by @Configuration on method Configuration but has not been marked @Optional or defined
in /private/var/folders/ts/khlhvdmn06nbk5zfjxcvwcjw0000gn/T/testng-eclipse-1406216682/testng-customsuite.xml
	at org.testng.internal.Parameters.createParameters(Parameters.java:154)
	at org.testng.internal.Parameters.createParameters(Parameters.java:361)
	at org.testng.internal.Parameters.createConfigurationParameters(Parameters.java:84)
	at org.testng.internal.Invoker.invokeConfigurations(Invoker.java:201)
	at org.testng.internal.Invoker.invokeConfigurations(Invoker.java:142)
	at org.testng.TestRunner.beforeRun(TestRunner.java:656)
	at org.testng.TestRunner.run(TestRunner.java:624)
	at org.testng.SuiteRunner.runTest(SuiteRunner.java:366)
	at org.testng.SuiteRunner.runSequentially(SuiteRunner.java:361)
	at org.testng.SuiteRunner.privateRun(SuiteRunner.java:319)
	at org.testng.SuiteRunner.run(SuiteRunner.java:268)
	at org.testng.SuiteRunnerWorker.runSuite(SuiteRunnerWorker.java:52)
	at org.testng.SuiteRunnerWorker.run(SuiteRunnerWorker.java:86)
	at org.testng.TestNG.runSuitesSequentially(TestNG.java:1244)
	at org.testng.TestNG.runSuitesLocally(TestNG.java:1169)
	at org.testng.TestNG.run(TestNG.java:1064)
	at org.testng.remote.AbstractRemoteTestNG.run(AbstractRemoteTestNG.java:132)
	at org.testng.remote.RemoteTestNG.initAndRun(RemoteTestNG.java:236)
	at org.testng.remote.RemoteTestNG.main(RemoteTestNG.java:81)
]]>
    </failure>
  </testcase> <!-- @BeforeTest Configuration -->
  <testcase name="@AfterMethod afterEachTest" time="0.0" classname="test.LoginElementDisplayed">
    <skipped/>
  </testcase> <!-- @AfterMethod afterEachTest -->
  <testcase name="@AfterMethod afterEachTest" time="0.0" classname="test.LoginElementDisplayed">
    <skipped/>
  </testcase> <!-- @AfterMethod afterEachTest -->
  <testcase name="elementPresent" time="0.002" classname="test.LoginElementDisplayed">
    <skipped/>
  </testcase> <!-- elementPresent -->
  <testcase name="navigateToSettingScreen" time="0.001" classname="test.LoginElementDisplayed">
    <skipped/>
  </testcase> <!-- navigateToSettingScreen -->
</testsuite> <!-- Default test -->
